<?xml version="1.0" encoding="UTF-8"?>
<!-- Generated by org.testng.reporters.JUnitReportReporter -->
<testsuite hostname="DESKTOP-GG0PK5N" failures="0" tests="3" name="testcases.SauceDemo" time="4.817" errors="0" timestamp="2024-08-24T13:38:13 EEST" skipped="0">
  <testcase classname="testcases.SauceDemo" name="checkItems" time="1.938">
    <system-out>
      <![CDATA[Method name is checkItems
Status of execution is -> 1]]>
    </system-out>
  </testcase> <!-- checkItems -->
  <testcase classname="testcases.SauceDemo" name="checkCart" time="1.413">
    <system-out>
      <![CDATA[Method name is checkCart
Status of execution is -> 1]]>
    </system-out>
  </testcase> <!-- checkCart -->
  <testcase classname="testcases.SauceDemo" name="checkRemoveButton" time="1.466">
    <system-out>
      <![CDATA[Method name is checkRemoveButton
Status of execution is -> 1]]>
    </system-out>
  </testcase> <!-- checkRemoveButton -->
  <system-out>
    <![CDATA[Method name is loginTest
Status of execution is -> 1
Method name is loginTest
Status of execution is -> 1
Method name is loginTest
Status of execution is -> 2
<a href="C:\Users\motzos\Desktop\JavaTesting\AutomationProjectJava\screenshot\Sat.Aug.24.13-38-03.EEST.2024.png">Failure screeshot</a>
Method name is loginTest
Status of execution is -> 1
Method name is loginTest
Status of execution is -> 1
Method name is checkItems
Status of execution is -> 1
Method name is checkCart
Status of execution is -> 1
Method name is checkRemoveButton
Status of execution is -> 1
Method name is itemSorting
Status of execution is -> 1]]>
  </system-out>
</testsuite> <!-- testcases.SauceDemo -->
