<?xml version="1.0" encoding="UTF-8"?>
<!-- Generated by org.testng.reporters.JUnitReportReporter -->
<testsuite hostname="DESKTOP-GG0PK5N" failures="0" tests="5" name="testcases.SauceDemoDatatest" time="14.245" errors="0" timestamp="2024-07-28T14:26:48 EEST" skipped="0">
  <testcase classname="testcases.SauceDemoDatatest" name="loginTest" time="1.973"/>
  <testcase classname="testcases.SauceDemoDatatest" name="loginTest" time="6.310"/>
  <testcase classname="testcases.SauceDemoDatatest" name="loginTest" time="1.998"/>
  <testcase classname="testcases.SauceDemoDatatest" name="loginTest" time="2.052"/>
  <testcase classname="testcases.SauceDemoDatatest" name="loginTest" time="1.912"/>
</testsuite> <!-- testcases.SauceDemoDatatest -->
