<?xml version="1.0" encoding="UTF-8"?>
<!-- Generated by org.testng.reporters.JUnitReportReporter -->
<testsuite hostname="DESKTOP-GG0PK5N" failures="0" tests="1" name="testcases.SauceTestReset" time="5.006" errors="0" timestamp="2024-08-29T18:41:43 EEST" skipped="0">
  <testcase classname="testcases.SauceTestReset" name="resetTest" time="5.006">
    <system-out>
      <![CDATA[Method name is resetTest
Status of execution is -> 1]]>
    </system-out>
  </testcase> <!-- resetTest -->
  <system-out>
    <![CDATA[Method name is checkItems
Status of execution is -> 1
Method name is checkCart
Status of execution is -> 1
Method name is checkRemoveButton
Status of execution is -> 1
Method name is resetTest
Status of execution is -> 1
Method name is itemSorting
Status of execution is -> 1
Method name is loginTest
Status of execution is -> 1
Method name is loginTest
Status of execution is -> 1
Method name is loginTest
Status of execution is -> 2
<a href="C:\Users\motzos\Desktop\JavaTesting\AutomationProjectJava\screenshot\Thu.Aug.29.18-41-36.EEST.2024.png">Failure screeshot</a>
Method name is loginTest
Status of execution is -> 1
Method name is loginTest
Status of execution is -> 1]]>
  </system-out>
</testsuite> <!-- testcases.SauceTestReset -->
