<?xml version="1.0" encoding="UTF-8"?>
<!-- Generated by org.testng.reporters.JUnitReportReporter -->
<testsuite hostname="DESKTOP-GG0PK5N" failures="0" tests="3" name="testcases.SauceDemo" time="5.183" errors="0" timestamp="2024-07-28T16:59:14 EEST" skipped="0">
  <testcase classname="testcases.SauceDemo" name="checkItems" time="2.036">
    <system-out>
      <![CDATA[Method name is checkItems
Status of execution is -> 1]]>
    </system-out>
  </testcase> <!-- checkItems -->
  <testcase classname="testcases.SauceDemo" name="checkCart" time="1.523">
    <system-out>
      <![CDATA[Method name is checkCart
Status of execution is -> 1]]>
    </system-out>
  </testcase> <!-- checkCart -->
  <testcase classname="testcases.SauceDemo" name="checkRemoveButton" time="1.624">
    <system-out>
      <![CDATA[Method name is checkRemoveButton
Status of execution is -> 1]]>
    </system-out>
  </testcase> <!-- checkRemoveButton -->
  <system-out>
    <![CDATA[Method name is loginTest
Status of execution is -> 1
Method name is loginTest
Status of execution is -> 1
Method name is loginTest
Status of execution is -> 2
<a href="C:\Users\motzos\Desktop\JavaTesting\automationtesting\screenshot\Sun.Jul.28.16-59-05.EEST.2024.png">Test Results</a>
Method name is loginTest
Status of execution is -> 1
Method name is loginTest
Status of execution is -> 1
Method name is checkItems
Status of execution is -> 1
Method name is checkCart
Status of execution is -> 1
Method name is checkRemoveButton
Status of execution is -> 1]]>
  </system-out>
</testsuite> <!-- testcases.SauceDemo -->
